2025-11-01 18:55:10,594:WARNING:
'cuml' is a soft dependency and not included in the pycaret installation. Please run: `pip install cuml` to install.
2025-11-01 18:55:10,594:WARNING:
'cuml' is a soft dependency and not included in the pycaret installation. Please run: `pip install cuml` to install.
2025-11-01 18:55:10,594:WARNING:
'cuml' is a soft dependency and not included in the pycaret installation. Please run: `pip install cuml` to install.
2025-11-01 18:55:10,594:WARNING:
'cuml' is a soft dependency and not included in the pycaret installation. Please run: `pip install cuml` to install.
2025-11-01 18:55:34,378:INFO:PyCaret RegressionExperiment
2025-11-01 18:55:34,379:INFO:Logging name: reg-default-name
2025-11-01 18:55:34,379:INFO:ML Usecase: MLUsecase.REGRESSION
2025-11-01 18:55:34,379:INFO:version 3.3.2
2025-11-01 18:55:34,379:INFO:Initializing setup()
2025-11-01 18:55:34,379:INFO:self.USI: 4c72
2025-11-01 18:55:34,379:INFO:self._variable_keys: {'USI', 'y', 'fold_shuffle_param', 'pipeline', 'exp_name_log', 'X_test', 'fold_groups_param', '_ml_usecase', '_available_plots', 'seed', 'y_test', 'gpu_param', 'exp_id', 'transform_target_param', 'X', 'logging_param', 'fold_generator', 'n_jobs_param', 'data', 'idx', 'X_train', 'y_train', 'html_param', 'target_param', 'log_plots_param', 'gpu_n_jobs_param', 'memory'}
2025-11-01 18:55:34,379:INFO:Checking environment
2025-11-01 18:55:34,379:INFO:python_version: 3.11.14
2025-11-01 18:55:34,379:INFO:python_build: ('main', 'Oct  9 2025 16:16:55')
2025-11-01 18:55:34,379:INFO:machine: x86_64
2025-11-01 18:55:34,379:INFO:platform: macOS-15.7.1-x86_64-i386-64bit
2025-11-01 18:55:34,379:INFO:Memory: svmem(total=17179869184, available=6729134080, percent=60.8, used=9898192896, free=499089408, active=5994946560, inactive=6151593984, wired=3903246336)
2025-11-01 18:55:34,379:INFO:Physical Core: 6
2025-11-01 18:55:34,379:INFO:Logical Core: 12
2025-11-01 18:55:34,379:INFO:Checking libraries
2025-11-01 18:55:34,379:INFO:System:
2025-11-01 18:55:34,379:INFO:    python: 3.11.14 (main, Oct  9 2025, 16:16:55) [Clang 16.0.0 (clang-1600.0.26.6)]
2025-11-01 18:55:34,379:INFO:executable: /Users/anuradhasrivastav/Documents/github/pycaret assignment/.venv-pycaret3/bin/python
2025-11-01 18:55:34,380:INFO:   machine: macOS-15.7.1-x86_64-i386-64bit
2025-11-01 18:55:34,380:INFO:PyCaret required dependencies:
2025-11-01 18:55:34,381:WARNING:/Users/anuradhasrivastav/Documents/github/pycaret assignment/.venv-pycaret3/lib/python3.11/site-packages/_distutils_hack/__init__.py:30: UserWarning: Setuptools is replacing distutils. Support for replacing an already imported distutils is deprecated. In the future, this condition will fail. Register concerns at https://github.com/pypa/setuptools/issues/new?template=distutils-deprecation.yml
  warnings.warn(

2025-11-01 18:55:34,460:INFO:                 pip: 25.3
2025-11-01 18:55:34,460:INFO:          setuptools: 80.9.0
2025-11-01 18:55:34,460:INFO:             pycaret: 3.3.2
2025-11-01 18:55:34,460:INFO:             IPython: 9.6.0
2025-11-01 18:55:34,460:INFO:          ipywidgets: 8.1.8
2025-11-01 18:55:34,460:INFO:                tqdm: 4.67.1
2025-11-01 18:55:34,460:INFO:               numpy: 1.26.4
2025-11-01 18:55:34,460:INFO:              pandas: 2.1.4
2025-11-01 18:55:34,460:INFO:              jinja2: 3.1.6
2025-11-01 18:55:34,460:INFO:               scipy: 1.11.4
2025-11-01 18:55:34,460:INFO:              joblib: 1.3.2
2025-11-01 18:55:34,460:INFO:             sklearn: 1.4.2
2025-11-01 18:55:34,460:INFO:                pyod: 2.0.5
2025-11-01 18:55:34,461:INFO:            imblearn: 0.14.0
2025-11-01 18:55:34,461:INFO:   category_encoders: 2.7.0
2025-11-01 18:55:34,461:INFO:            lightgbm: 4.5.0
2025-11-01 18:55:34,461:INFO:               numba: 0.62.1
2025-11-01 18:55:34,461:INFO:            requests: 2.32.5
2025-11-01 18:55:34,461:INFO:          matplotlib: 3.7.5
2025-11-01 18:55:34,461:INFO:          scikitplot: 0.3.7
2025-11-01 18:55:34,461:INFO:         yellowbrick: 1.5
2025-11-01 18:55:34,461:INFO:              plotly: 6.3.1
2025-11-01 18:55:34,461:INFO:    plotly-resampler: Not installed
2025-11-01 18:55:34,461:INFO:             kaleido: 1.1.0
2025-11-01 18:55:34,461:INFO:           schemdraw: 0.15
2025-11-01 18:55:34,461:INFO:         statsmodels: 0.14.5
2025-11-01 18:55:34,461:INFO:              sktime: 0.26.0
2025-11-01 18:55:34,461:INFO:               tbats: 1.1.3
2025-11-01 18:55:34,461:INFO:            pmdarima: 2.0.4
2025-11-01 18:55:34,461:INFO:              psutil: 7.1.2
2025-11-01 18:55:34,461:INFO:          markupsafe: 3.0.3
2025-11-01 18:55:34,461:INFO:             pickle5: Not installed
2025-11-01 18:55:34,461:INFO:         cloudpickle: 3.1.1
2025-11-01 18:55:34,461:INFO:         deprecation: 2.1.0
2025-11-01 18:55:34,461:INFO:              xxhash: 3.6.0
2025-11-01 18:55:34,461:INFO:           wurlitzer: 3.1.1
2025-11-01 18:55:34,461:INFO:PyCaret optional dependencies:
2025-11-01 18:55:37,697:INFO:                shap: Not installed
2025-11-01 18:55:37,697:INFO:           interpret: Not installed
2025-11-01 18:55:37,698:INFO:                umap: Not installed
2025-11-01 18:55:37,698:INFO:     ydata_profiling: Not installed
2025-11-01 18:55:37,698:INFO:  explainerdashboard: Not installed
2025-11-01 18:55:37,698:INFO:             autoviz: Not installed
2025-11-01 18:55:37,698:INFO:           fairlearn: Not installed
2025-11-01 18:55:37,698:INFO:          deepchecks: Not installed
2025-11-01 18:55:37,698:INFO:             xgboost: 3.1.1
2025-11-01 18:55:37,698:INFO:            catboost: Not installed
2025-11-01 18:55:37,698:INFO:              kmodes: Not installed
2025-11-01 18:55:37,698:INFO:             mlxtend: Not installed
2025-11-01 18:55:37,698:INFO:       statsforecast: Not installed
2025-11-01 18:55:37,698:INFO:        tune_sklearn: Not installed
2025-11-01 18:55:37,698:INFO:                 ray: Not installed
2025-11-01 18:55:37,698:INFO:            hyperopt: Not installed
2025-11-01 18:55:37,698:INFO:              optuna: Not installed
2025-11-01 18:55:37,698:INFO:               skopt: Not installed
2025-11-01 18:55:37,698:INFO:              mlflow: Not installed
2025-11-01 18:55:37,698:INFO:              gradio: 5.49.1
2025-11-01 18:55:37,698:INFO:             fastapi: 0.120.4
2025-11-01 18:55:37,698:INFO:             uvicorn: 0.38.0
2025-11-01 18:55:37,698:INFO:              m2cgen: Not installed
2025-11-01 18:55:37,698:INFO:           evidently: Not installed
2025-11-01 18:55:37,698:INFO:               fugue: Not installed
2025-11-01 18:55:37,698:INFO:           streamlit: Not installed
2025-11-01 18:55:37,698:INFO:             prophet: Not installed
2025-11-01 18:55:37,698:INFO:None
2025-11-01 18:55:37,699:INFO:Set up data.
2025-11-01 18:55:37,705:INFO:Set up folding strategy.
2025-11-01 18:55:37,705:INFO:Set up train/test split.
2025-11-01 18:55:37,711:INFO:Set up index.
2025-11-01 18:55:37,711:INFO:Assigning column types.
2025-11-01 18:55:37,715:INFO:Engine successfully changes for model 'lr' to 'sklearn'.
2025-11-01 18:55:37,715:INFO:Engine for model 'lasso' has not been set explicitly, hence returning None.
2025-11-01 18:55:37,721:INFO:Engine for model 'ridge' has not been set explicitly, hence returning None.
2025-11-01 18:55:37,726:INFO:Engine for model 'en' has not been set explicitly, hence returning None.
2025-11-01 18:55:37,784:INFO:Engine for model 'svm' has not been set explicitly, hence returning None.
2025-11-01 18:55:37,823:INFO:Engine for model 'knn' has not been set explicitly, hence returning None.
2025-11-01 18:55:37,824:INFO:Soft dependency imported: xgboost: 3.1.1
2025-11-01 18:55:37,826:WARNING:
'catboost' is a soft dependency and not included in the pycaret installation. Please run: `pip install catboost` to install.
Alternately, you can install this by running `pip install pycaret[models]`
2025-11-01 18:55:37,826:INFO:Engine for model 'lasso' has not been set explicitly, hence returning None.
2025-11-01 18:55:37,830:INFO:Engine for model 'ridge' has not been set explicitly, hence returning None.
2025-11-01 18:55:37,834:INFO:Engine for model 'en' has not been set explicitly, hence returning None.
2025-11-01 18:55:37,886:INFO:Engine for model 'svm' has not been set explicitly, hence returning None.
2025-11-01 18:55:37,925:INFO:Engine for model 'knn' has not been set explicitly, hence returning None.
2025-11-01 18:55:37,926:INFO:Soft dependency imported: xgboost: 3.1.1
2025-11-01 18:55:37,928:WARNING:
'catboost' is a soft dependency and not included in the pycaret installation. Please run: `pip install catboost` to install.
Alternately, you can install this by running `pip install pycaret[models]`
2025-11-01 18:55:37,929:INFO:Engine successfully changes for model 'lasso' to 'sklearn'.
2025-11-01 18:55:37,933:INFO:Engine for model 'ridge' has not been set explicitly, hence returning None.
2025-11-01 18:55:37,937:INFO:Engine for model 'en' has not been set explicitly, hence returning None.
2025-11-01 18:55:37,988:INFO:Engine for model 'svm' has not been set explicitly, hence returning None.
2025-11-01 18:55:38,028:INFO:Engine for model 'knn' has not been set explicitly, hence returning None.
2025-11-01 18:55:38,029:INFO:Soft dependency imported: xgboost: 3.1.1
2025-11-01 18:55:38,031:WARNING:
'catboost' is a soft dependency and not included in the pycaret installation. Please run: `pip install catboost` to install.
Alternately, you can install this by running `pip install pycaret[models]`
2025-11-01 18:55:38,035:INFO:Engine for model 'ridge' has not been set explicitly, hence returning None.
2025-11-01 18:55:38,039:INFO:Engine for model 'en' has not been set explicitly, hence returning None.
2025-11-01 18:55:38,091:INFO:Engine for model 'svm' has not been set explicitly, hence returning None.
2025-11-01 18:55:38,131:INFO:Engine for model 'knn' has not been set explicitly, hence returning None.
2025-11-01 18:55:38,131:INFO:Soft dependency imported: xgboost: 3.1.1
2025-11-01 18:55:38,134:WARNING:
'catboost' is a soft dependency and not included in the pycaret installation. Please run: `pip install catboost` to install.
Alternately, you can install this by running `pip install pycaret[models]`
2025-11-01 18:55:38,134:INFO:Engine successfully changes for model 'ridge' to 'sklearn'.
2025-11-01 18:55:38,142:INFO:Engine for model 'en' has not been set explicitly, hence returning None.
2025-11-01 18:55:38,193:INFO:Engine for model 'svm' has not been set explicitly, hence returning None.
2025-11-01 18:55:38,233:INFO:Engine for model 'knn' has not been set explicitly, hence returning None.
2025-11-01 18:55:38,234:INFO:Soft dependency imported: xgboost: 3.1.1
2025-11-01 18:55:38,237:WARNING:
'catboost' is a soft dependency and not included in the pycaret installation. Please run: `pip install catboost` to install.
Alternately, you can install this by running `pip install pycaret[models]`
2025-11-01 18:55:38,245:INFO:Engine for model 'en' has not been set explicitly, hence returning None.
2025-11-01 18:55:38,296:INFO:Engine for model 'svm' has not been set explicitly, hence returning None.
2025-11-01 18:55:38,336:INFO:Engine for model 'knn' has not been set explicitly, hence returning None.
2025-11-01 18:55:38,337:INFO:Soft dependency imported: xgboost: 3.1.1
2025-11-01 18:55:38,339:WARNING:
'catboost' is a soft dependency and not included in the pycaret installation. Please run: `pip install catboost` to install.
Alternately, you can install this by running `pip install pycaret[models]`
2025-11-01 18:55:38,339:INFO:Engine successfully changes for model 'en' to 'sklearn'.
2025-11-01 18:55:38,398:INFO:Engine for model 'svm' has not been set explicitly, hence returning None.
2025-11-01 18:55:38,439:INFO:Engine for model 'knn' has not been set explicitly, hence returning None.
2025-11-01 18:55:38,439:INFO:Soft dependency imported: xgboost: 3.1.1
2025-11-01 18:55:38,442:WARNING:
'catboost' is a soft dependency and not included in the pycaret installation. Please run: `pip install catboost` to install.
Alternately, you can install this by running `pip install pycaret[models]`
2025-11-01 18:55:38,504:INFO:Engine for model 'svm' has not been set explicitly, hence returning None.
2025-11-01 18:55:38,544:INFO:Engine for model 'knn' has not been set explicitly, hence returning None.
2025-11-01 18:55:38,544:INFO:Soft dependency imported: xgboost: 3.1.1
2025-11-01 18:55:38,547:WARNING:
'catboost' is a soft dependency and not included in the pycaret installation. Please run: `pip install catboost` to install.
Alternately, you can install this by running `pip install pycaret[models]`
2025-11-01 18:55:38,547:INFO:Engine successfully changes for model 'knn' to 'sklearn'.
2025-11-01 18:55:38,606:INFO:Engine for model 'svm' has not been set explicitly, hence returning None.
2025-11-01 18:55:38,646:INFO:Soft dependency imported: xgboost: 3.1.1
2025-11-01 18:55:38,649:WARNING:
'catboost' is a soft dependency and not included in the pycaret installation. Please run: `pip install catboost` to install.
Alternately, you can install this by running `pip install pycaret[models]`
2025-11-01 18:55:38,708:INFO:Engine for model 'svm' has not been set explicitly, hence returning None.
2025-11-01 18:55:38,747:INFO:Soft dependency imported: xgboost: 3.1.1
2025-11-01 18:55:38,749:WARNING:
'catboost' is a soft dependency and not included in the pycaret installation. Please run: `pip install catboost` to install.
Alternately, you can install this by running `pip install pycaret[models]`
2025-11-01 18:55:38,749:INFO:Engine successfully changes for model 'svm' to 'sklearn'.
2025-11-01 18:55:38,849:INFO:Soft dependency imported: xgboost: 3.1.1
2025-11-01 18:55:38,851:WARNING:
'catboost' is a soft dependency and not included in the pycaret installation. Please run: `pip install catboost` to install.
Alternately, you can install this by running `pip install pycaret[models]`
2025-11-01 18:55:38,950:INFO:Soft dependency imported: xgboost: 3.1.1
2025-11-01 18:55:38,952:WARNING:
'catboost' is a soft dependency and not included in the pycaret installation. Please run: `pip install catboost` to install.
Alternately, you can install this by running `pip install pycaret[models]`
2025-11-01 18:55:38,954:INFO:Preparing preprocessing pipeline...
2025-11-01 18:55:38,954:INFO:Set up simple imputation.
2025-11-01 18:55:38,954:INFO:Set up removing multicollinearity.
2025-11-01 18:55:38,954:INFO:Set up feature normalization.
2025-11-01 18:55:38,987:INFO:Finished creating preprocessing pipeline.
2025-11-01 18:55:38,994:INFO:Pipeline: Pipeline(memory=FastMemory(location=/var/folders/gx/m_vnsn8s7_94yb7xgwx5vj980000gn/T/joblib),
         steps=[('numerical_imputer',
                 TransformerWrapper(include=['crim', 'zn', 'indus', 'chas',
                                             'nox', 'rm', 'age', 'dis', 'rad',
                                             'tax', 'ptratio', 'b', 'lstat'],
                                    transformer=SimpleImputer())),
                ('categorical_imputer',
                 TransformerWrapper(include=[],
                                    transformer=SimpleImputer(strategy='most_frequent'))),
                ('remove_multicollinearity',
                 TransformerWrapper(exclude=[],
                                    transformer=RemoveMulticollinearity(threshold=0.95))),
                ('normalize',
                 TransformerWrapper(transformer=StandardScaler()))])
2025-11-01 18:55:38,994:INFO:Creating final display dataframe.
2025-11-01 18:55:39,085:INFO:Setup _display_container:                     Description             Value
0                    Session id                42
1                        Target              medv
2                   Target type        Regression
3           Original data shape         (506, 14)
4        Transformed data shape         (506, 14)
5   Transformed train set shape         (354, 14)
6    Transformed test set shape         (152, 14)
7              Numeric features                13
8                    Preprocess              True
9               Imputation type            simple
10           Numeric imputation              mean
11       Categorical imputation              mode
12     Remove multicollinearity              True
13  Multicollinearity threshold              0.95
14                    Normalize              True
15             Normalize method            zscore
16               Fold Generator             KFold
17                  Fold Number                10
18                     CPU Jobs                -1
19                      Use GPU             False
20               Log Experiment             False
21              Experiment Name  reg-default-name
22                          USI              4c72
2025-11-01 18:55:39,224:INFO:Soft dependency imported: xgboost: 3.1.1
2025-11-01 18:55:39,227:WARNING:
'catboost' is a soft dependency and not included in the pycaret installation. Please run: `pip install catboost` to install.
Alternately, you can install this by running `pip install pycaret[models]`
2025-11-01 18:55:39,335:INFO:Soft dependency imported: xgboost: 3.1.1
2025-11-01 18:55:39,338:WARNING:
'catboost' is a soft dependency and not included in the pycaret installation. Please run: `pip install catboost` to install.
Alternately, you can install this by running `pip install pycaret[models]`
2025-11-01 18:55:39,338:INFO:setup() successfully completed in 4.96s...............
2025-11-01 18:55:39,338:INFO:Initializing compare_models()
2025-11-01 18:55:39,338:INFO:compare_models(self=<pycaret.regression.oop.RegressionExperiment object at 0x1441d2790>, include=None, exclude=None, fold=None, round=4, cross_validation=True, sort=R2, n_select=1, budget_time=None, turbo=True, errors=ignore, fit_kwargs=None, groups=None, experiment_custom_tags=None, probability_threshold=None, verbose=True, parallel=None, caller_params={'self': <pycaret.regression.oop.RegressionExperiment object at 0x1441d2790>, 'include': None, 'exclude': None, 'fold': None, 'round': 4, 'cross_validation': True, 'sort': 'R2', 'n_select': 1, 'budget_time': None, 'turbo': True, 'errors': 'ignore', 'fit_kwargs': None, 'groups': None, 'experiment_custom_tags': None, 'engine': None, 'verbose': True, 'parallel': None, '__class__': <class 'pycaret.regression.oop.RegressionExperiment'>})
2025-11-01 18:55:39,338:INFO:Checking exceptions
2025-11-01 18:55:39,340:INFO:Preparing display monitor
2025-11-01 18:55:39,394:INFO:Initializing Linear Regression
2025-11-01 18:55:39,394:INFO:Total runtime is 6.0836474100748696e-06 minutes
2025-11-01 18:55:39,400:INFO:SubProcess create_model() called ==================================
2025-11-01 18:55:39,401:INFO:Initializing create_model()
2025-11-01 18:55:39,401:INFO:create_model(self=<pycaret.regression.oop.RegressionExperiment object at 0x1441d2790>, estimator=lr, fold=KFold(n_splits=10, random_state=None, shuffle=False), round=4, cross_validation=True, predict=True, fit_kwargs={}, groups=None, refit=False, probability_threshold=None, experiment_custom_tags=None, verbose=False, system=False, add_to_model_list=True, metrics=None, display=<pycaret.internal.display.display.CommonDisplay object at 0x147cfb410>, model_only=True, return_train_score=False, error_score=0.0, kwargs={})
2025-11-01 18:55:39,402:INFO:Checking exceptions
2025-11-01 18:55:39,402:INFO:Importing libraries
2025-11-01 18:55:39,402:INFO:Copying training dataset
2025-11-01 18:55:39,413:INFO:Defining folds
2025-11-01 18:55:39,413:INFO:Declaring metric variables
2025-11-01 18:55:39,418:INFO:Importing untrained model
2025-11-01 18:55:39,444:INFO:Linear Regression Imported successfully
2025-11-01 18:55:39,456:INFO:Starting cross validation
2025-11-01 18:55:39,467:INFO:Cross validating with KFold(n_splits=10, random_state=None, shuffle=False), n_jobs=-1
2025-11-01 18:55:48,532:WARNING:/Users/anuradhasrivastav/Documents/github/pycaret assignment/.venv-pycaret3/lib/python3.11/site-packages/_distutils_hack/__init__.py:30: UserWarning: Setuptools is replacing distutils. Support for replacing an already imported distutils is deprecated. In the future, this condition will fail. Register concerns at https://github.com/pypa/setuptools/issues/new?template=distutils-deprecation.yml
  warnings.warn(

2025-11-01 18:55:48,532:WARNING:/Users/anuradhasrivastav/Documents/github/pycaret assignment/.venv-pycaret3/lib/python3.11/site-packages/_distutils_hack/__init__.py:30: UserWarning: Setuptools is replacing distutils. Support for replacing an already imported distutils is deprecated. In the future, this condition will fail. Register concerns at https://github.com/pypa/setuptools/issues/new?template=distutils-deprecation.yml
  warnings.warn(

2025-11-01 18:55:48,532:WARNING:/Users/anuradhasrivastav/Documents/github/pycaret assignment/.venv-pycaret3/lib/python3.11/site-packages/_distutils_hack/__init__.py:30: UserWarning: Setuptools is replacing distutils. Support for replacing an already imported distutils is deprecated. In the future, this condition will fail. Register concerns at https://github.com/pypa/setuptools/issues/new?template=distutils-deprecation.yml
  warnings.warn(

2025-11-01 18:55:48,656:WARNING:/Users/anuradhasrivastav/Documents/github/pycaret assignment/.venv-pycaret3/lib/python3.11/site-packages/_distutils_hack/__init__.py:30: UserWarning: Setuptools is replacing distutils. Support for replacing an already imported distutils is deprecated. In the future, this condition will fail. Register concerns at https://github.com/pypa/setuptools/issues/new?template=distutils-deprecation.yml
  warnings.warn(

2025-11-01 18:55:48,664:WARNING:/Users/anuradhasrivastav/Documents/github/pycaret assignment/.venv-pycaret3/lib/python3.11/site-packages/_distutils_hack/__init__.py:30: UserWarning: Setuptools is replacing distutils. Support for replacing an already imported distutils is deprecated. In the future, this condition will fail. Register concerns at https://github.com/pypa/setuptools/issues/new?template=distutils-deprecation.yml
  warnings.warn(

2025-11-01 18:55:48,676:WARNING:/Users/anuradhasrivastav/Documents/github/pycaret assignment/.venv-pycaret3/lib/python3.11/site-packages/_distutils_hack/__init__.py:30: UserWarning: Setuptools is replacing distutils. Support for replacing an already imported distutils is deprecated. In the future, this condition will fail. Register concerns at https://github.com/pypa/setuptools/issues/new?template=distutils-deprecation.yml
  warnings.warn(

2025-11-01 18:55:48,707:WARNING:/Users/anuradhasrivastav/Documents/github/pycaret assignment/.venv-pycaret3/lib/python3.11/site-packages/_distutils_hack/__init__.py:30: UserWarning: Setuptools is replacing distutils. Support for replacing an already imported distutils is deprecated. In the future, this condition will fail. Register concerns at https://github.com/pypa/setuptools/issues/new?template=distutils-deprecation.yml
  warnings.warn(

2025-11-01 18:55:48,707:WARNING:/Users/anuradhasrivastav/Documents/github/pycaret assignment/.venv-pycaret3/lib/python3.11/site-packages/_distutils_hack/__init__.py:30: UserWarning: Setuptools is replacing distutils. Support for replacing an already imported distutils is deprecated. In the future, this condition will fail. Register concerns at https://github.com/pypa/setuptools/issues/new?template=distutils-deprecation.yml
  warnings.warn(

2025-11-01 18:55:48,790:WARNING:/Users/anuradhasrivastav/Documents/github/pycaret assignment/.venv-pycaret3/lib/python3.11/site-packages/_distutils_hack/__init__.py:30: UserWarning: Setuptools is replacing distutils. Support for replacing an already imported distutils is deprecated. In the future, this condition will fail. Register concerns at https://github.com/pypa/setuptools/issues/new?template=distutils-deprecation.yml
  warnings.warn(

2025-11-01 18:55:48,847:WARNING:/Users/anuradhasrivastav/Documents/github/pycaret assignment/.venv-pycaret3/lib/python3.11/site-packages/_distutils_hack/__init__.py:30: UserWarning: Setuptools is replacing distutils. Support for replacing an already imported distutils is deprecated. In the future, this condition will fail. Register concerns at https://github.com/pypa/setuptools/issues/new?template=distutils-deprecation.yml
  warnings.warn(

2025-11-01 18:55:49,135:INFO:Calculating mean and std
2025-11-01 18:55:49,139:INFO:Creating metrics dataframe
2025-11-01 18:55:49,143:INFO:Uploading results into container
2025-11-01 18:55:49,144:INFO:Uploading model into container now
2025-11-01 18:55:49,145:INFO:_master_model_container: 1
2025-11-01 18:55:49,145:INFO:_display_container: 2
2025-11-01 18:55:49,146:INFO:LinearRegression(n_jobs=-1)
2025-11-01 18:55:49,146:INFO:create_model() successfully completed......................................
2025-11-01 18:55:49,304:INFO:SubProcess create_model() end ==================================
2025-11-01 18:55:49,304:INFO:Creating metrics dataframe
2025-11-01 18:55:49,312:INFO:Initializing Lasso Regression
2025-11-01 18:55:49,312:INFO:Total runtime is 0.16529930035273235 minutes
2025-11-01 18:55:49,322:INFO:SubProcess create_model() called ==================================
2025-11-01 18:55:49,322:INFO:Initializing create_model()
2025-11-01 18:55:49,322:INFO:create_model(self=<pycaret.regression.oop.RegressionExperiment object at 0x1441d2790>, estimator=lasso, fold=KFold(n_splits=10, random_state=None, shuffle=False), round=4, cross_validation=True, predict=True, fit_kwargs={}, groups=None, refit=False, probability_threshold=None, experiment_custom_tags=None, verbose=False, system=False, add_to_model_list=True, metrics=None, display=<pycaret.internal.display.display.CommonDisplay object at 0x147cfb410>, model_only=True, return_train_score=False, error_score=0.0, kwargs={})
2025-11-01 18:55:49,322:INFO:Checking exceptions
2025-11-01 18:55:49,322:INFO:Importing libraries
2025-11-01 18:55:49,322:INFO:Copying training dataset
2025-11-01 18:55:49,329:INFO:Defining folds
2025-11-01 18:55:49,329:INFO:Declaring metric variables
2025-11-01 18:55:49,334:INFO:Importing untrained model
2025-11-01 18:55:49,338:INFO:Lasso Regression Imported successfully
2025-11-01 18:55:49,346:INFO:Starting cross validation
2025-11-01 18:55:49,348:INFO:Cross validating with KFold(n_splits=10, random_state=None, shuffle=False), n_jobs=-1
2025-11-01 18:55:52,457:WARNING:/Users/anuradhasrivastav/Documents/github/pycaret assignment/.venv-pycaret3/lib/python3.11/site-packages/_distutils_hack/__init__.py:30: UserWarning: Setuptools is replacing distutils. Support for replacing an already imported distutils is deprecated. In the future, this condition will fail. Register concerns at https://github.com/pypa/setuptools/issues/new?template=distutils-deprecation.yml
  warnings.warn(

2025-11-01 18:55:52,464:WARNING:/Users/anuradhasrivastav/Documents/github/pycaret assignment/.venv-pycaret3/lib/python3.11/site-packages/_distutils_hack/__init__.py:30: UserWarning: Setuptools is replacing distutils. Support for replacing an already imported distutils is deprecated. In the future, this condition will fail. Register concerns at https://github.com/pypa/setuptools/issues/new?template=distutils-deprecation.yml
  warnings.warn(

2025-11-01 18:55:52,653:INFO:Calculating mean and std
2025-11-01 18:55:52,654:INFO:Creating metrics dataframe
2025-11-01 18:55:52,656:INFO:Uploading results into container
2025-11-01 18:55:52,657:INFO:Uploading model into container now
2025-11-01 18:55:52,657:INFO:_master_model_container: 2
2025-11-01 18:55:52,657:INFO:_display_container: 2
2025-11-01 18:55:52,658:INFO:Lasso(random_state=42)
2025-11-01 18:55:52,658:INFO:create_model() successfully completed......................................
2025-11-01 18:55:52,777:INFO:SubProcess create_model() end ==================================
2025-11-01 18:55:52,777:INFO:Creating metrics dataframe
2025-11-01 18:55:52,789:INFO:Initializing Ridge Regression
2025-11-01 18:55:52,790:INFO:Total runtime is 0.22325939734776817 minutes
2025-11-01 18:55:52,795:INFO:SubProcess create_model() called ==================================
2025-11-01 18:55:52,814:INFO:Initializing create_model()
2025-11-01 18:55:52,814:INFO:create_model(self=<pycaret.regression.oop.RegressionExperiment object at 0x1441d2790>, estimator=ridge, fold=KFold(n_splits=10, random_state=None, shuffle=False), round=4, cross_validation=True, predict=True, fit_kwargs={}, groups=None, refit=False, probability_threshold=None, experiment_custom_tags=None, verbose=False, system=False, add_to_model_list=True, metrics=None, display=<pycaret.internal.display.display.CommonDisplay object at 0x147cfb410>, model_only=True, return_train_score=False, error_score=0.0, kwargs={})
2025-11-01 18:55:52,815:INFO:Checking exceptions
2025-11-01 18:55:52,815:INFO:Importing libraries
2025-11-01 18:55:52,815:INFO:Copying training dataset
2025-11-01 18:55:52,821:INFO:Defining folds
2025-11-01 18:55:52,821:INFO:Declaring metric variables
2025-11-01 18:55:52,825:INFO:Importing untrained model
2025-11-01 18:55:52,829:INFO:Ridge Regression Imported successfully
2025-11-01 18:55:52,837:INFO:Starting cross validation
2025-11-01 18:55:52,839:INFO:Cross validating with KFold(n_splits=10, random_state=None, shuffle=False), n_jobs=-1
2025-11-01 18:55:52,943:INFO:Calculating mean and std
2025-11-01 18:55:52,944:INFO:Creating metrics dataframe
2025-11-01 18:55:52,946:INFO:Uploading results into container
2025-11-01 18:55:52,946:INFO:Uploading model into container now
2025-11-01 18:55:52,947:INFO:_master_model_container: 3
2025-11-01 18:55:52,947:INFO:_display_container: 2
2025-11-01 18:55:52,947:INFO:Ridge(random_state=42)
2025-11-01 18:55:52,947:INFO:create_model() successfully completed......................................
2025-11-01 18:55:53,054:INFO:SubProcess create_model() end ==================================
2025-11-01 18:55:53,054:INFO:Creating metrics dataframe
2025-11-01 18:55:53,064:INFO:Initializing Elastic Net
2025-11-01 18:55:53,064:INFO:Total runtime is 0.2278393308321635 minutes
2025-11-01 18:55:53,069:INFO:SubProcess create_model() called ==================================
2025-11-01 18:55:53,069:INFO:Initializing create_model()
2025-11-01 18:55:53,069:INFO:create_model(self=<pycaret.regression.oop.RegressionExperiment object at 0x1441d2790>, estimator=en, fold=KFold(n_splits=10, random_state=None, shuffle=False), round=4, cross_validation=True, predict=True, fit_kwargs={}, groups=None, refit=False, probability_threshold=None, experiment_custom_tags=None, verbose=False, system=False, add_to_model_list=True, metrics=None, display=<pycaret.internal.display.display.CommonDisplay object at 0x147cfb410>, model_only=True, return_train_score=False, error_score=0.0, kwargs={})
2025-11-01 18:55:53,069:INFO:Checking exceptions
2025-11-01 18:55:53,069:INFO:Importing libraries
2025-11-01 18:55:53,070:INFO:Copying training dataset
2025-11-01 18:55:53,077:INFO:Defining folds
2025-11-01 18:55:53,077:INFO:Declaring metric variables
2025-11-01 18:55:53,081:INFO:Importing untrained model
2025-11-01 18:55:53,086:INFO:Elastic Net Imported successfully
2025-11-01 18:55:53,093:INFO:Starting cross validation
2025-11-01 18:55:53,095:INFO:Cross validating with KFold(n_splits=10, random_state=None, shuffle=False), n_jobs=-1
2025-11-01 18:55:53,197:INFO:Calculating mean and std
2025-11-01 18:55:53,199:INFO:Creating metrics dataframe
2025-11-01 18:55:53,200:INFO:Uploading results into container
2025-11-01 18:55:53,201:INFO:Uploading model into container now
2025-11-01 18:55:53,201:INFO:_master_model_container: 4
2025-11-01 18:55:53,201:INFO:_display_container: 2
2025-11-01 18:55:53,202:INFO:ElasticNet(random_state=42)
2025-11-01 18:55:53,202:INFO:create_model() successfully completed......................................
2025-11-01 18:55:53,306:INFO:SubProcess create_model() end ==================================
2025-11-01 18:55:53,306:INFO:Creating metrics dataframe
2025-11-01 18:55:53,316:INFO:Initializing Least Angle Regression
2025-11-01 18:55:53,317:INFO:Total runtime is 0.23204594850540164 minutes
2025-11-01 18:55:53,321:INFO:SubProcess create_model() called ==================================
2025-11-01 18:55:53,322:INFO:Initializing create_model()
2025-11-01 18:55:53,322:INFO:create_model(self=<pycaret.regression.oop.RegressionExperiment object at 0x1441d2790>, estimator=lar, fold=KFold(n_splits=10, random_state=None, shuffle=False), round=4, cross_validation=True, predict=True, fit_kwargs={}, groups=None, refit=False, probability_threshold=None, experiment_custom_tags=None, verbose=False, system=False, add_to_model_list=True, metrics=None, display=<pycaret.internal.display.display.CommonDisplay object at 0x147cfb410>, model_only=True, return_train_score=False, error_score=0.0, kwargs={})
2025-11-01 18:55:53,322:INFO:Checking exceptions
2025-11-01 18:55:53,322:INFO:Importing libraries
2025-11-01 18:55:53,322:INFO:Copying training dataset
2025-11-01 18:55:53,328:INFO:Defining folds
2025-11-01 18:55:53,328:INFO:Declaring metric variables
2025-11-01 18:55:53,333:INFO:Importing untrained model
2025-11-01 18:55:53,337:INFO:Least Angle Regression Imported successfully
2025-11-01 18:55:53,344:INFO:Starting cross validation
2025-11-01 18:55:53,346:INFO:Cross validating with KFold(n_splits=10, random_state=None, shuffle=False), n_jobs=-1
2025-11-01 18:55:53,466:INFO:Calculating mean and std
2025-11-01 18:55:53,468:INFO:Creating metrics dataframe
2025-11-01 18:55:53,470:INFO:Uploading results into container
2025-11-01 18:55:53,470:INFO:Uploading model into container now
2025-11-01 18:55:53,471:INFO:_master_model_container: 5
2025-11-01 18:55:53,471:INFO:_display_container: 2
2025-11-01 18:55:53,471:INFO:Lars(random_state=42)
2025-11-01 18:55:53,472:INFO:create_model() successfully completed......................................
2025-11-01 18:55:53,579:INFO:SubProcess create_model() end ==================================
2025-11-01 18:55:53,580:INFO:Creating metrics dataframe
2025-11-01 18:55:53,592:INFO:Initializing Lasso Least Angle Regression
2025-11-01 18:55:53,592:INFO:Total runtime is 0.23662998278935754 minutes
2025-11-01 18:55:53,595:INFO:SubProcess create_model() called ==================================
2025-11-01 18:55:53,596:INFO:Initializing create_model()
2025-11-01 18:55:53,596:INFO:create_model(self=<pycaret.regression.oop.RegressionExperiment object at 0x1441d2790>, estimator=llar, fold=KFold(n_splits=10, random_state=None, shuffle=False), round=4, cross_validation=True, predict=True, fit_kwargs={}, groups=None, refit=False, probability_threshold=None, experiment_custom_tags=None, verbose=False, system=False, add_to_model_list=True, metrics=None, display=<pycaret.internal.display.display.CommonDisplay object at 0x147cfb410>, model_only=True, return_train_score=False, error_score=0.0, kwargs={})
2025-11-01 18:55:53,596:INFO:Checking exceptions
2025-11-01 18:55:53,597:INFO:Importing libraries
2025-11-01 18:55:53,597:INFO:Copying training dataset
2025-11-01 18:55:53,604:INFO:Defining folds
2025-11-01 18:55:53,604:INFO:Declaring metric variables
2025-11-01 18:55:53,607:INFO:Importing untrained model
2025-11-01 18:55:53,612:INFO:Lasso Least Angle Regression Imported successfully
2025-11-01 18:55:53,620:INFO:Starting cross validation
2025-11-01 18:55:53,621:INFO:Cross validating with KFold(n_splits=10, random_state=None, shuffle=False), n_jobs=-1
2025-11-01 18:55:53,718:INFO:Calculating mean and std
2025-11-01 18:55:53,719:INFO:Creating metrics dataframe
2025-11-01 18:55:53,721:INFO:Uploading results into container
2025-11-01 18:55:53,721:INFO:Uploading model into container now
2025-11-01 18:55:53,722:INFO:_master_model_container: 6
2025-11-01 18:55:53,722:INFO:_display_container: 2
2025-11-01 18:55:53,722:INFO:LassoLars(random_state=42)
2025-11-01 18:55:53,722:INFO:create_model() successfully completed......................................
2025-11-01 18:55:53,826:INFO:SubProcess create_model() end ==================================
2025-11-01 18:55:53,826:INFO:Creating metrics dataframe
2025-11-01 18:55:53,837:INFO:Initializing Orthogonal Matching Pursuit
2025-11-01 18:55:53,837:INFO:Total runtime is 0.2407136678695679 minutes
2025-11-01 18:55:53,842:INFO:SubProcess create_model() called ==================================
2025-11-01 18:55:53,842:INFO:Initializing create_model()
2025-11-01 18:55:53,842:INFO:create_model(self=<pycaret.regression.oop.RegressionExperiment object at 0x1441d2790>, estimator=omp, fold=KFold(n_splits=10, random_state=None, shuffle=False), round=4, cross_validation=True, predict=True, fit_kwargs={}, groups=None, refit=False, probability_threshold=None, experiment_custom_tags=None, verbose=False, system=False, add_to_model_list=True, metrics=None, display=<pycaret.internal.display.display.CommonDisplay object at 0x147cfb410>, model_only=True, return_train_score=False, error_score=0.0, kwargs={})
2025-11-01 18:55:53,842:INFO:Checking exceptions
2025-11-01 18:55:53,842:INFO:Importing libraries
2025-11-01 18:55:53,843:INFO:Copying training dataset
2025-11-01 18:55:53,849:INFO:Defining folds
2025-11-01 18:55:53,849:INFO:Declaring metric variables
2025-11-01 18:55:53,854:INFO:Importing untrained model
2025-11-01 18:55:53,859:INFO:Orthogonal Matching Pursuit Imported successfully
2025-11-01 18:55:53,867:INFO:Starting cross validation
2025-11-01 18:55:53,869:INFO:Cross validating with KFold(n_splits=10, random_state=None, shuffle=False), n_jobs=-1
2025-11-01 18:55:53,981:INFO:Calculating mean and std
2025-11-01 18:55:53,983:INFO:Creating metrics dataframe
2025-11-01 18:55:53,985:INFO:Uploading results into container
2025-11-01 18:55:53,986:INFO:Uploading model into container now
2025-11-01 18:55:53,986:INFO:_master_model_container: 7
2025-11-01 18:55:53,986:INFO:_display_container: 2
2025-11-01 18:55:53,986:INFO:OrthogonalMatchingPursuit()
2025-11-01 18:55:53,986:INFO:create_model() successfully completed......................................
2025-11-01 18:55:54,092:INFO:SubProcess create_model() end ==================================
2025-11-01 18:55:54,093:INFO:Creating metrics dataframe
2025-11-01 18:55:54,105:INFO:Initializing Bayesian Ridge
2025-11-01 18:55:54,105:INFO:Total runtime is 0.2451807816823324 minutes
2025-11-01 18:55:54,108:INFO:SubProcess create_model() called ==================================
2025-11-01 18:55:54,109:INFO:Initializing create_model()
2025-11-01 18:55:54,109:INFO:create_model(self=<pycaret.regression.oop.RegressionExperiment object at 0x1441d2790>, estimator=br, fold=KFold(n_splits=10, random_state=None, shuffle=False), round=4, cross_validation=True, predict=True, fit_kwargs={}, groups=None, refit=False, probability_threshold=None, experiment_custom_tags=None, verbose=False, system=False, add_to_model_list=True, metrics=None, display=<pycaret.internal.display.display.CommonDisplay object at 0x147cfb410>, model_only=True, return_train_score=False, error_score=0.0, kwargs={})
2025-11-01 18:55:54,109:INFO:Checking exceptions
2025-11-01 18:55:54,109:INFO:Importing libraries
2025-11-01 18:55:54,109:INFO:Copying training dataset
2025-11-01 18:55:54,115:INFO:Defining folds
2025-11-01 18:55:54,115:INFO:Declaring metric variables
2025-11-01 18:55:54,119:INFO:Importing untrained model
2025-11-01 18:55:54,151:INFO:Bayesian Ridge Imported successfully
2025-11-01 18:55:54,171:INFO:Starting cross validation
2025-11-01 18:55:54,173:INFO:Cross validating with KFold(n_splits=10, random_state=None, shuffle=False), n_jobs=-1
2025-11-01 18:55:54,330:INFO:Calculating mean and std
2025-11-01 18:55:54,331:INFO:Creating metrics dataframe
2025-11-01 18:55:54,334:INFO:Uploading results into container
2025-11-01 18:55:54,335:INFO:Uploading model into container now
2025-11-01 18:55:54,336:INFO:_master_model_container: 8
2025-11-01 18:55:54,336:INFO:_display_container: 2
2025-11-01 18:55:54,336:INFO:BayesianRidge()
2025-11-01 18:55:54,336:INFO:create_model() successfully completed......................................
2025-11-01 18:55:54,453:INFO:SubProcess create_model() end ==================================
2025-11-01 18:55:54,454:INFO:Creating metrics dataframe
2025-11-01 18:55:54,464:INFO:Initializing Passive Aggressive Regressor
2025-11-01 18:55:54,464:INFO:Total runtime is 0.25117244720458987 minutes
2025-11-01 18:55:54,469:INFO:SubProcess create_model() called ==================================
2025-11-01 18:55:54,469:INFO:Initializing create_model()
2025-11-01 18:55:54,470:INFO:create_model(self=<pycaret.regression.oop.RegressionExperiment object at 0x1441d2790>, estimator=par, fold=KFold(n_splits=10, random_state=None, shuffle=False), round=4, cross_validation=True, predict=True, fit_kwargs={}, groups=None, refit=False, probability_threshold=None, experiment_custom_tags=None, verbose=False, system=False, add_to_model_list=True, metrics=None, display=<pycaret.internal.display.display.CommonDisplay object at 0x147cfb410>, model_only=True, return_train_score=False, error_score=0.0, kwargs={})
2025-11-01 18:55:54,470:INFO:Checking exceptions
2025-11-01 18:55:54,470:INFO:Importing libraries
2025-11-01 18:55:54,470:INFO:Copying training dataset
2025-11-01 18:55:54,477:INFO:Defining folds
2025-11-01 18:55:54,477:INFO:Declaring metric variables
2025-11-01 18:55:54,484:INFO:Importing untrained model
2025-11-01 18:55:54,490:INFO:Passive Aggressive Regressor Imported successfully
2025-11-01 18:55:54,500:INFO:Starting cross validation
2025-11-01 18:55:54,502:INFO:Cross validating with KFold(n_splits=10, random_state=None, shuffle=False), n_jobs=-1
2025-11-01 18:55:54,617:INFO:Calculating mean and std
2025-11-01 18:55:54,618:INFO:Creating metrics dataframe
2025-11-01 18:55:54,620:INFO:Uploading results into container
2025-11-01 18:55:54,620:INFO:Uploading model into container now
2025-11-01 18:55:54,621:INFO:_master_model_container: 9
2025-11-01 18:55:54,622:INFO:_display_container: 2
2025-11-01 18:55:54,622:INFO:PassiveAggressiveRegressor(random_state=42)
2025-11-01 18:55:54,622:INFO:create_model() successfully completed......................................
2025-11-01 18:55:54,728:INFO:SubProcess create_model() end ==================================
2025-11-01 18:55:54,728:INFO:Creating metrics dataframe
2025-11-01 18:55:54,741:INFO:Initializing Huber Regressor
2025-11-01 18:55:54,741:INFO:Total runtime is 0.25577946503957116 minutes
2025-11-01 18:55:54,745:INFO:SubProcess create_model() called ==================================
2025-11-01 18:55:54,745:INFO:Initializing create_model()
2025-11-01 18:55:54,745:INFO:create_model(self=<pycaret.regression.oop.RegressionExperiment object at 0x1441d2790>, estimator=huber, fold=KFold(n_splits=10, random_state=None, shuffle=False), round=4, cross_validation=True, predict=True, fit_kwargs={}, groups=None, refit=False, probability_threshold=None, experiment_custom_tags=None, verbose=False, system=False, add_to_model_list=True, metrics=None, display=<pycaret.internal.display.display.CommonDisplay object at 0x147cfb410>, model_only=True, return_train_score=False, error_score=0.0, kwargs={})
2025-11-01 18:55:54,745:INFO:Checking exceptions
2025-11-01 18:55:54,745:INFO:Importing libraries
2025-11-01 18:55:54,745:INFO:Copying training dataset
2025-11-01 18:55:54,754:INFO:Defining folds
2025-11-01 18:55:54,754:INFO:Declaring metric variables
2025-11-01 18:55:54,757:INFO:Importing untrained model
2025-11-01 18:55:54,762:INFO:Huber Regressor Imported successfully
2025-11-01 18:55:54,770:INFO:Starting cross validation
2025-11-01 18:55:54,771:INFO:Cross validating with KFold(n_splits=10, random_state=None, shuffle=False), n_jobs=-1
2025-11-01 18:55:54,886:INFO:Calculating mean and std
2025-11-01 18:55:54,888:INFO:Creating metrics dataframe
2025-11-01 18:55:54,890:INFO:Uploading results into container
2025-11-01 18:55:54,891:INFO:Uploading model into container now
2025-11-01 18:55:54,891:INFO:_master_model_container: 10
2025-11-01 18:55:54,891:INFO:_display_container: 2
2025-11-01 18:55:54,891:INFO:HuberRegressor()
2025-11-01 18:55:54,891:INFO:create_model() successfully completed......................................
2025-11-01 18:55:54,995:INFO:SubProcess create_model() end ==================================
2025-11-01 18:55:54,996:INFO:Creating metrics dataframe
2025-11-01 18:55:55,008:INFO:Initializing K Neighbors Regressor
2025-11-01 18:55:55,008:INFO:Total runtime is 0.26022839943567916 minutes
2025-11-01 18:55:55,013:INFO:SubProcess create_model() called ==================================
2025-11-01 18:55:55,013:INFO:Initializing create_model()
2025-11-01 18:55:55,013:INFO:create_model(self=<pycaret.regression.oop.RegressionExperiment object at 0x1441d2790>, estimator=knn, fold=KFold(n_splits=10, random_state=None, shuffle=False), round=4, cross_validation=True, predict=True, fit_kwargs={}, groups=None, refit=False, probability_threshold=None, experiment_custom_tags=None, verbose=False, system=False, add_to_model_list=True, metrics=None, display=<pycaret.internal.display.display.CommonDisplay object at 0x147cfb410>, model_only=True, return_train_score=False, error_score=0.0, kwargs={})
2025-11-01 18:55:55,013:INFO:Checking exceptions
2025-11-01 18:55:55,013:INFO:Importing libraries
2025-11-01 18:55:55,013:INFO:Copying training dataset
2025-11-01 18:55:55,020:INFO:Defining folds
2025-11-01 18:55:55,020:INFO:Declaring metric variables
2025-11-01 18:55:55,024:INFO:Importing untrained model
2025-11-01 18:55:55,029:INFO:K Neighbors Regressor Imported successfully
2025-11-01 18:55:55,037:INFO:Starting cross validation
2025-11-01 18:55:55,038:INFO:Cross validating with KFold(n_splits=10, random_state=None, shuffle=False), n_jobs=-1
2025-11-01 18:55:55,160:INFO:Calculating mean and std
2025-11-01 18:55:55,161:INFO:Creating metrics dataframe
2025-11-01 18:55:55,163:INFO:Uploading results into container
2025-11-01 18:55:55,163:INFO:Uploading model into container now
2025-11-01 18:55:55,164:INFO:_master_model_container: 11
2025-11-01 18:55:55,164:INFO:_display_container: 2
2025-11-01 18:55:55,164:INFO:KNeighborsRegressor(n_jobs=-1)
2025-11-01 18:55:55,165:INFO:create_model() successfully completed......................................
2025-11-01 18:55:55,270:INFO:SubProcess create_model() end ==================================
2025-11-01 18:55:55,270:INFO:Creating metrics dataframe
2025-11-01 18:55:55,281:INFO:Initializing Decision Tree Regressor
2025-11-01 18:55:55,281:INFO:Total runtime is 0.2647786180178325 minutes
2025-11-01 18:55:55,284:INFO:SubProcess create_model() called ==================================
2025-11-01 18:55:55,285:INFO:Initializing create_model()
2025-11-01 18:55:55,285:INFO:create_model(self=<pycaret.regression.oop.RegressionExperiment object at 0x1441d2790>, estimator=dt, fold=KFold(n_splits=10, random_state=None, shuffle=False), round=4, cross_validation=True, predict=True, fit_kwargs={}, groups=None, refit=False, probability_threshold=None, experiment_custom_tags=None, verbose=False, system=False, add_to_model_list=True, metrics=None, display=<pycaret.internal.display.display.CommonDisplay object at 0x147cfb410>, model_only=True, return_train_score=False, error_score=0.0, kwargs={})
2025-11-01 18:55:55,285:INFO:Checking exceptions
2025-11-01 18:55:55,285:INFO:Importing libraries
2025-11-01 18:55:55,285:INFO:Copying training dataset
2025-11-01 18:55:55,291:INFO:Defining folds
2025-11-01 18:55:55,292:INFO:Declaring metric variables
2025-11-01 18:55:55,295:INFO:Importing untrained model
2025-11-01 18:55:55,300:INFO:Decision Tree Regressor Imported successfully
2025-11-01 18:55:55,307:INFO:Starting cross validation
2025-11-01 18:55:55,308:INFO:Cross validating with KFold(n_splits=10, random_state=None, shuffle=False), n_jobs=-1
2025-11-01 18:55:55,403:INFO:Calculating mean and std
2025-11-01 18:55:55,404:INFO:Creating metrics dataframe
2025-11-01 18:55:55,406:INFO:Uploading results into container
2025-11-01 18:55:55,406:INFO:Uploading model into container now
2025-11-01 18:55:55,407:INFO:_master_model_container: 12
2025-11-01 18:55:55,407:INFO:_display_container: 2
2025-11-01 18:55:55,407:INFO:DecisionTreeRegressor(random_state=42)
2025-11-01 18:55:55,407:INFO:create_model() successfully completed......................................
2025-11-01 18:55:55,517:INFO:SubProcess create_model() end ==================================
2025-11-01 18:55:55,517:INFO:Creating metrics dataframe
2025-11-01 18:55:55,533:INFO:Initializing Random Forest Regressor
2025-11-01 18:55:55,533:INFO:Total runtime is 0.26898020108540854 minutes
2025-11-01 18:55:55,537:INFO:SubProcess create_model() called ==================================
2025-11-01 18:55:55,537:INFO:Initializing create_model()
2025-11-01 18:55:55,537:INFO:create_model(self=<pycaret.regression.oop.RegressionExperiment object at 0x1441d2790>, estimator=rf, fold=KFold(n_splits=10, random_state=None, shuffle=False), round=4, cross_validation=True, predict=True, fit_kwargs={}, groups=None, refit=False, probability_threshold=None, experiment_custom_tags=None, verbose=False, system=False, add_to_model_list=True, metrics=None, display=<pycaret.internal.display.display.CommonDisplay object at 0x147cfb410>, model_only=True, return_train_score=False, error_score=0.0, kwargs={})
2025-11-01 18:55:55,538:INFO:Checking exceptions
2025-11-01 18:55:55,538:INFO:Importing libraries
2025-11-01 18:55:55,538:INFO:Copying training dataset
2025-11-01 18:55:55,545:INFO:Defining folds
2025-11-01 18:55:55,545:INFO:Declaring metric variables
2025-11-01 18:55:55,550:INFO:Importing untrained model
2025-11-01 18:55:55,555:INFO:Random Forest Regressor Imported successfully
2025-11-01 18:55:55,564:INFO:Starting cross validation
2025-11-01 18:55:55,565:INFO:Cross validating with KFold(n_splits=10, random_state=None, shuffle=False), n_jobs=-1
2025-11-01 18:55:56,313:INFO:Calculating mean and std
2025-11-01 18:55:56,315:INFO:Creating metrics dataframe
2025-11-01 18:55:56,316:INFO:Uploading results into container
2025-11-01 18:55:56,317:INFO:Uploading model into container now
2025-11-01 18:55:56,317:INFO:_master_model_container: 13
2025-11-01 18:55:56,317:INFO:_display_container: 2
2025-11-01 18:55:56,318:INFO:RandomForestRegressor(n_jobs=-1, random_state=42)
2025-11-01 18:55:56,318:INFO:create_model() successfully completed......................................
2025-11-01 18:55:56,427:INFO:SubProcess create_model() end ==================================
2025-11-01 18:55:56,427:INFO:Creating metrics dataframe
2025-11-01 18:55:56,440:INFO:Initializing Extra Trees Regressor
2025-11-01 18:55:56,440:INFO:Total runtime is 0.28410323460896814 minutes
2025-11-01 18:55:56,444:INFO:SubProcess create_model() called ==================================
2025-11-01 18:55:56,445:INFO:Initializing create_model()
2025-11-01 18:55:56,445:INFO:create_model(self=<pycaret.regression.oop.RegressionExperiment object at 0x1441d2790>, estimator=et, fold=KFold(n_splits=10, random_state=None, shuffle=False), round=4, cross_validation=True, predict=True, fit_kwargs={}, groups=None, refit=False, probability_threshold=None, experiment_custom_tags=None, verbose=False, system=False, add_to_model_list=True, metrics=None, display=<pycaret.internal.display.display.CommonDisplay object at 0x147cfb410>, model_only=True, return_train_score=False, error_score=0.0, kwargs={})
2025-11-01 18:55:56,445:INFO:Checking exceptions
2025-11-01 18:55:56,445:INFO:Importing libraries
2025-11-01 18:55:56,445:INFO:Copying training dataset
2025-11-01 18:55:56,452:INFO:Defining folds
2025-11-01 18:55:56,452:INFO:Declaring metric variables
2025-11-01 18:55:56,456:INFO:Importing untrained model
2025-11-01 18:55:56,496:INFO:Extra Trees Regressor Imported successfully
2025-11-01 18:55:56,514:INFO:Starting cross validation
2025-11-01 18:55:56,515:INFO:Cross validating with KFold(n_splits=10, random_state=None, shuffle=False), n_jobs=-1
2025-11-01 18:55:56,996:INFO:Calculating mean and std
2025-11-01 18:55:56,997:INFO:Creating metrics dataframe
2025-11-01 18:55:57,000:INFO:Uploading results into container
2025-11-01 18:55:57,000:INFO:Uploading model into container now
2025-11-01 18:55:57,001:INFO:_master_model_container: 14
2025-11-01 18:55:57,001:INFO:_display_container: 2
2025-11-01 18:55:57,001:INFO:ExtraTreesRegressor(n_jobs=-1, random_state=42)
2025-11-01 18:55:57,001:INFO:create_model() successfully completed......................................
2025-11-01 18:55:57,125:INFO:SubProcess create_model() end ==================================
2025-11-01 18:55:57,125:INFO:Creating metrics dataframe
2025-11-01 18:55:57,141:INFO:Initializing AdaBoost Regressor
2025-11-01 18:55:57,141:INFO:Total runtime is 0.2957896987597148 minutes
2025-11-01 18:55:57,146:INFO:SubProcess create_model() called ==================================
2025-11-01 18:55:57,146:INFO:Initializing create_model()
2025-11-01 18:55:57,146:INFO:create_model(self=<pycaret.regression.oop.RegressionExperiment object at 0x1441d2790>, estimator=ada, fold=KFold(n_splits=10, random_state=None, shuffle=False), round=4, cross_validation=True, predict=True, fit_kwargs={}, groups=None, refit=False, probability_threshold=None, experiment_custom_tags=None, verbose=False, system=False, add_to_model_list=True, metrics=None, display=<pycaret.internal.display.display.CommonDisplay object at 0x147cfb410>, model_only=True, return_train_score=False, error_score=0.0, kwargs={})
2025-11-01 18:55:57,146:INFO:Checking exceptions
2025-11-01 18:55:57,146:INFO:Importing libraries
2025-11-01 18:55:57,146:INFO:Copying training dataset
2025-11-01 18:55:57,158:INFO:Defining folds
2025-11-01 18:55:57,158:INFO:Declaring metric variables
2025-11-01 18:55:57,166:INFO:Importing untrained model
2025-11-01 18:55:57,171:INFO:AdaBoost Regressor Imported successfully
2025-11-01 18:55:57,183:INFO:Starting cross validation
2025-11-01 18:55:57,186:INFO:Cross validating with KFold(n_splits=10, random_state=None, shuffle=False), n_jobs=-1
2025-11-01 18:55:57,616:INFO:Calculating mean and std
2025-11-01 18:55:57,618:INFO:Creating metrics dataframe
2025-11-01 18:55:57,623:INFO:Uploading results into container
2025-11-01 18:55:57,624:INFO:Uploading model into container now
2025-11-01 18:55:57,626:INFO:_master_model_container: 15
2025-11-01 18:55:57,626:INFO:_display_container: 2
2025-11-01 18:55:57,626:INFO:AdaBoostRegressor(random_state=42)
2025-11-01 18:55:57,627:INFO:create_model() successfully completed......................................
2025-11-01 18:55:57,773:INFO:SubProcess create_model() end ==================================
2025-11-01 18:55:57,785:INFO:Creating metrics dataframe
2025-11-01 18:55:57,802:INFO:Initializing Gradient Boosting Regressor
2025-11-01 18:55:57,807:INFO:Total runtime is 0.306876814365387 minutes
2025-11-01 18:55:57,811:INFO:SubProcess create_model() called ==================================
2025-11-01 18:55:57,811:INFO:Initializing create_model()
2025-11-01 18:55:57,812:INFO:create_model(self=<pycaret.regression.oop.RegressionExperiment object at 0x1441d2790>, estimator=gbr, fold=KFold(n_splits=10, random_state=None, shuffle=False), round=4, cross_validation=True, predict=True, fit_kwargs={}, groups=None, refit=False, probability_threshold=None, experiment_custom_tags=None, verbose=False, system=False, add_to_model_list=True, metrics=None, display=<pycaret.internal.display.display.CommonDisplay object at 0x147cfb410>, model_only=True, return_train_score=False, error_score=0.0, kwargs={})
2025-11-01 18:55:57,812:INFO:Checking exceptions
2025-11-01 18:55:57,812:INFO:Importing libraries
2025-11-01 18:55:57,812:INFO:Copying training dataset
2025-11-01 18:55:57,821:INFO:Defining folds
2025-11-01 18:55:57,821:INFO:Declaring metric variables
2025-11-01 18:55:57,831:INFO:Importing untrained model
2025-11-01 18:55:57,838:INFO:Gradient Boosting Regressor Imported successfully
2025-11-01 18:55:57,860:INFO:Starting cross validation
2025-11-01 18:55:57,862:INFO:Cross validating with KFold(n_splits=10, random_state=None, shuffle=False), n_jobs=-1
2025-11-01 18:55:58,331:INFO:Calculating mean and std
2025-11-01 18:55:58,332:INFO:Creating metrics dataframe
2025-11-01 18:55:58,335:INFO:Uploading results into container
2025-11-01 18:55:58,336:INFO:Uploading model into container now
2025-11-01 18:55:58,337:INFO:_master_model_container: 16
2025-11-01 18:55:58,337:INFO:_display_container: 2
2025-11-01 18:55:58,338:INFO:GradientBoostingRegressor(random_state=42)
2025-11-01 18:55:58,339:INFO:create_model() successfully completed......................................
2025-11-01 18:55:58,499:INFO:SubProcess create_model() end ==================================
2025-11-01 18:55:58,499:INFO:Creating metrics dataframe
2025-11-01 18:55:58,518:INFO:Initializing Extreme Gradient Boosting
2025-11-01 18:55:58,518:INFO:Total runtime is 0.3187404831250509 minutes
2025-11-01 18:55:58,527:INFO:SubProcess create_model() called ==================================
2025-11-01 18:55:58,528:INFO:Initializing create_model()
2025-11-01 18:55:58,528:INFO:create_model(self=<pycaret.regression.oop.RegressionExperiment object at 0x1441d2790>, estimator=xgboost, fold=KFold(n_splits=10, random_state=None, shuffle=False), round=4, cross_validation=True, predict=True, fit_kwargs={}, groups=None, refit=False, probability_threshold=None, experiment_custom_tags=None, verbose=False, system=False, add_to_model_list=True, metrics=None, display=<pycaret.internal.display.display.CommonDisplay object at 0x147cfb410>, model_only=True, return_train_score=False, error_score=0.0, kwargs={})
2025-11-01 18:55:58,529:INFO:Checking exceptions
2025-11-01 18:55:58,529:INFO:Importing libraries
2025-11-01 18:55:58,529:INFO:Copying training dataset
2025-11-01 18:55:58,539:INFO:Defining folds
2025-11-01 18:55:58,540:INFO:Declaring metric variables
2025-11-01 18:55:58,544:INFO:Importing untrained model
2025-11-01 18:55:58,551:INFO:Extreme Gradient Boosting Imported successfully
2025-11-01 18:55:58,589:INFO:Starting cross validation
2025-11-01 18:55:58,591:INFO:Cross validating with KFold(n_splits=10, random_state=None, shuffle=False), n_jobs=-1
2025-11-01 18:55:59,108:INFO:Calculating mean and std
2025-11-01 18:55:59,109:INFO:Creating metrics dataframe
2025-11-01 18:55:59,111:INFO:Uploading results into container
2025-11-01 18:55:59,112:INFO:Uploading model into container now
2025-11-01 18:55:59,112:INFO:_master_model_container: 17
2025-11-01 18:55:59,112:INFO:_display_container: 2
2025-11-01 18:55:59,113:INFO:XGBRegressor(base_score=None, booster='gbtree', callbacks=None,
             colsample_bylevel=None, colsample_bynode=None,
             colsample_bytree=None, device='cpu', early_stopping_rounds=None,
             enable_categorical=False, eval_metric=None, feature_types=None,
             feature_weights=None, gamma=None, grow_policy=None,
             importance_type=None, interaction_constraints=None,
             learning_rate=None, max_bin=None, max_cat_threshold=None,
             max_cat_to_onehot=None, max_delta_step=None, max_depth=None,
             max_leaves=None, min_child_weight=None, missing=nan,
             monotone_constraints=None, multi_strategy=None, n_estimators=None,
             n_jobs=-1, num_parallel_tree=None, ...)
2025-11-01 18:55:59,114:INFO:create_model() successfully completed......................................
2025-11-01 18:55:59,231:INFO:SubProcess create_model() end ==================================
2025-11-01 18:55:59,231:INFO:Creating metrics dataframe
2025-11-01 18:55:59,245:INFO:Initializing Light Gradient Boosting Machine
2025-11-01 18:55:59,245:INFO:Total runtime is 0.33084565003712973 minutes
2025-11-01 18:55:59,249:INFO:SubProcess create_model() called ==================================
2025-11-01 18:55:59,249:INFO:Initializing create_model()
2025-11-01 18:55:59,250:INFO:create_model(self=<pycaret.regression.oop.RegressionExperiment object at 0x1441d2790>, estimator=lightgbm, fold=KFold(n_splits=10, random_state=None, shuffle=False), round=4, cross_validation=True, predict=True, fit_kwargs={}, groups=None, refit=False, probability_threshold=None, experiment_custom_tags=None, verbose=False, system=False, add_to_model_list=True, metrics=None, display=<pycaret.internal.display.display.CommonDisplay object at 0x147cfb410>, model_only=True, return_train_score=False, error_score=0.0, kwargs={})
2025-11-01 18:55:59,250:INFO:Checking exceptions
2025-11-01 18:55:59,250:INFO:Importing libraries
2025-11-01 18:55:59,250:INFO:Copying training dataset
2025-11-01 18:55:59,259:INFO:Defining folds
2025-11-01 18:55:59,259:INFO:Declaring metric variables
2025-11-01 18:55:59,262:INFO:Importing untrained model
2025-11-01 18:55:59,269:INFO:Light Gradient Boosting Machine Imported successfully
2025-11-01 18:55:59,281:INFO:Starting cross validation
2025-11-01 18:55:59,284:INFO:Cross validating with KFold(n_splits=10, random_state=None, shuffle=False), n_jobs=-1
2025-11-01 18:56:03,898:INFO:Calculating mean and std
2025-11-01 18:56:03,899:INFO:Creating metrics dataframe
2025-11-01 18:56:03,901:INFO:Uploading results into container
2025-11-01 18:56:03,902:INFO:Uploading model into container now
2025-11-01 18:56:03,903:INFO:_master_model_container: 18
2025-11-01 18:56:03,903:INFO:_display_container: 2
2025-11-01 18:56:03,903:INFO:LGBMRegressor(n_jobs=-1, random_state=42)
2025-11-01 18:56:03,904:INFO:create_model() successfully completed......................................
2025-11-01 18:56:04,023:INFO:SubProcess create_model() end ==================================
2025-11-01 18:56:04,023:INFO:Creating metrics dataframe
2025-11-01 18:56:04,040:INFO:Initializing Dummy Regressor
2025-11-01 18:56:04,040:INFO:Total runtime is 0.4107675155003866 minutes
2025-11-01 18:56:04,044:INFO:SubProcess create_model() called ==================================
2025-11-01 18:56:04,045:INFO:Initializing create_model()
2025-11-01 18:56:04,045:INFO:create_model(self=<pycaret.regression.oop.RegressionExperiment object at 0x1441d2790>, estimator=dummy, fold=KFold(n_splits=10, random_state=None, shuffle=False), round=4, cross_validation=True, predict=True, fit_kwargs={}, groups=None, refit=False, probability_threshold=None, experiment_custom_tags=None, verbose=False, system=False, add_to_model_list=True, metrics=None, display=<pycaret.internal.display.display.CommonDisplay object at 0x147cfb410>, model_only=True, return_train_score=False, error_score=0.0, kwargs={})
2025-11-01 18:56:04,045:INFO:Checking exceptions
2025-11-01 18:56:04,045:INFO:Importing libraries
2025-11-01 18:56:04,045:INFO:Copying training dataset
2025-11-01 18:56:04,053:INFO:Defining folds
2025-11-01 18:56:04,053:INFO:Declaring metric variables
2025-11-01 18:56:04,057:INFO:Importing untrained model
2025-11-01 18:56:04,061:INFO:Dummy Regressor Imported successfully
2025-11-01 18:56:04,070:INFO:Starting cross validation
2025-11-01 18:56:04,071:INFO:Cross validating with KFold(n_splits=10, random_state=None, shuffle=False), n_jobs=-1
2025-11-01 18:56:04,215:INFO:Calculating mean and std
2025-11-01 18:56:04,217:INFO:Creating metrics dataframe
2025-11-01 18:56:04,219:INFO:Uploading results into container
2025-11-01 18:56:04,219:INFO:Uploading model into container now
2025-11-01 18:56:04,220:INFO:_master_model_container: 19
2025-11-01 18:56:04,221:INFO:_display_container: 2
2025-11-01 18:56:04,221:INFO:DummyRegressor()
2025-11-01 18:56:04,221:INFO:create_model() successfully completed......................................
2025-11-01 18:56:04,367:INFO:SubProcess create_model() end ==================================
2025-11-01 18:56:04,367:INFO:Creating metrics dataframe
2025-11-01 18:56:04,389:WARNING:/Users/anuradhasrivastav/Documents/github/pycaret assignment/.venv-pycaret3/lib/python3.11/site-packages/pycaret/internal/pycaret_experiment/supervised_experiment.py:339: FutureWarning: Styler.applymap has been deprecated. Use Styler.map instead.
  .applymap(highlight_cols, subset=["TT (Sec)"])

2025-11-01 18:56:04,401:INFO:Initializing create_model()
2025-11-01 18:56:04,401:INFO:create_model(self=<pycaret.regression.oop.RegressionExperiment object at 0x1441d2790>, estimator=ExtraTreesRegressor(n_jobs=-1, random_state=42), fold=KFold(n_splits=10, random_state=None, shuffle=False), round=4, cross_validation=False, predict=False, fit_kwargs={}, groups=None, refit=True, probability_threshold=None, experiment_custom_tags=None, verbose=False, system=False, add_to_model_list=True, metrics=None, display=None, model_only=True, return_train_score=False, error_score=0.0, kwargs={})
2025-11-01 18:56:04,401:INFO:Checking exceptions
2025-11-01 18:56:04,405:INFO:Importing libraries
2025-11-01 18:56:04,405:INFO:Copying training dataset
2025-11-01 18:56:04,412:INFO:Defining folds
2025-11-01 18:56:04,412:INFO:Declaring metric variables
2025-11-01 18:56:04,412:INFO:Importing untrained model
2025-11-01 18:56:04,412:INFO:Declaring custom model
2025-11-01 18:56:04,413:INFO:Extra Trees Regressor Imported successfully
2025-11-01 18:56:04,414:INFO:Cross validation set to False
2025-11-01 18:56:04,414:INFO:Fitting Model
2025-11-01 18:56:04,597:INFO:ExtraTreesRegressor(n_jobs=-1, random_state=42)
2025-11-01 18:56:04,597:INFO:create_model() successfully completed......................................
2025-11-01 18:56:04,756:INFO:_master_model_container: 19
2025-11-01 18:56:04,756:INFO:_display_container: 2
2025-11-01 18:56:04,758:INFO:ExtraTreesRegressor(n_jobs=-1, random_state=42)
2025-11-01 18:56:04,758:INFO:compare_models() successfully completed......................................
2025-11-01 18:56:04,759:INFO:Initializing plot_model()
2025-11-01 18:56:04,760:INFO:plot_model(self=<pycaret.regression.oop.RegressionExperiment object at 0x1441d2790>, estimator=ExtraTreesRegressor(n_jobs=-1, random_state=42), plot=residuals, scale=1, save=False, fold=None, fit_kwargs=None, plot_kwargs=None, groups=None, feature_name=None, label=False, verbose=True, system=True, display=None, display_format=None)
2025-11-01 18:56:04,760:INFO:Checking exceptions
2025-11-01 18:56:04,788:INFO:Preloading libraries
2025-11-01 18:56:04,810:INFO:Copying training dataset
2025-11-01 18:56:04,810:INFO:Plot type: residuals
2025-11-01 18:56:04,986:INFO:Fitting Model
2025-11-01 18:56:04,988:WARNING:/Users/anuradhasrivastav/Documents/github/pycaret assignment/.venv-pycaret3/lib/python3.11/site-packages/sklearn/base.py:493: UserWarning: X does not have valid feature names, but ExtraTreesRegressor was fitted with feature names
  warnings.warn(

2025-11-01 18:56:05,083:INFO:Scoring test/hold-out set
2025-11-01 18:56:05,561:INFO:Visual Rendered Successfully
2025-11-01 18:56:05,670:INFO:plot_model() successfully completed......................................
2025-11-01 18:56:05,672:INFO:Initializing plot_model()
2025-11-01 18:56:05,672:INFO:plot_model(self=<pycaret.regression.oop.RegressionExperiment object at 0x1441d2790>, estimator=ExtraTreesRegressor(n_jobs=-1, random_state=42), plot=error, scale=1, save=False, fold=None, fit_kwargs=None, plot_kwargs=None, groups=None, feature_name=None, label=False, verbose=True, system=True, display=None, display_format=None)
2025-11-01 18:56:05,672:INFO:Checking exceptions
2025-11-01 18:56:05,701:INFO:Preloading libraries
2025-11-01 18:56:05,721:INFO:Copying training dataset
2025-11-01 18:56:05,721:INFO:Plot type: error
2025-11-01 18:56:05,838:INFO:Fitting Model
2025-11-01 18:56:05,838:WARNING:/Users/anuradhasrivastav/Documents/github/pycaret assignment/.venv-pycaret3/lib/python3.11/site-packages/sklearn/base.py:493: UserWarning: X does not have valid feature names, but ExtraTreesRegressor was fitted with feature names
  warnings.warn(

2025-11-01 18:56:05,838:INFO:Scoring test/hold-out set
2025-11-01 18:56:06,148:INFO:Visual Rendered Successfully
2025-11-01 18:56:06,256:INFO:plot_model() successfully completed......................................
2025-11-01 18:56:06,258:INFO:Initializing finalize_model()
2025-11-01 18:56:06,258:INFO:finalize_model(self=<pycaret.regression.oop.RegressionExperiment object at 0x1441d2790>, estimator=ExtraTreesRegressor(n_jobs=-1, random_state=42), fit_kwargs=None, groups=None, model_only=False, experiment_custom_tags=None)
2025-11-01 18:56:06,259:INFO:Finalizing ExtraTreesRegressor(n_jobs=-1, random_state=42)
2025-11-01 18:56:06,262:INFO:Initializing create_model()
2025-11-01 18:56:06,262:INFO:create_model(self=<pycaret.regression.oop.RegressionExperiment object at 0x1441d2790>, estimator=ExtraTreesRegressor(n_jobs=-1, random_state=42), fold=None, round=4, cross_validation=False, predict=False, fit_kwargs={}, groups=None, refit=True, probability_threshold=None, experiment_custom_tags=None, verbose=False, system=False, add_to_model_list=False, metrics=None, display=None, model_only=False, return_train_score=False, error_score=0.0, kwargs={})
2025-11-01 18:56:06,263:INFO:Checking exceptions
2025-11-01 18:56:06,264:INFO:Importing libraries
2025-11-01 18:56:06,264:INFO:Copying training dataset
2025-11-01 18:56:06,265:INFO:Defining folds
2025-11-01 18:56:06,265:INFO:Declaring metric variables
2025-11-01 18:56:06,265:INFO:Importing untrained model
2025-11-01 18:56:06,265:INFO:Declaring custom model
2025-11-01 18:56:06,265:INFO:Extra Trees Regressor Imported successfully
2025-11-01 18:56:06,266:INFO:Cross validation set to False
2025-11-01 18:56:06,266:INFO:Fitting Model
2025-11-01 18:56:06,378:INFO:Pipeline(memory=Memory(location=None),
         steps=[('numerical_imputer',
                 TransformerWrapper(include=['crim', 'zn', 'indus', 'chas',
                                             'nox', 'rm', 'age', 'dis', 'rad',
                                             'tax', 'ptratio', 'b', 'lstat'],
                                    transformer=SimpleImputer())),
                ('categorical_imputer',
                 TransformerWrapper(include=[],
                                    transformer=SimpleImputer(strategy='most_frequent'))),
                ('remove_multicollinearity',
                 TransformerWrapper(exclude=[],
                                    transformer=RemoveMulticollinearity(threshold=0.95))),
                ('normalize', TransformerWrapper(transformer=StandardScaler())),
                ('actual_estimator',
                 ExtraTreesRegressor(n_jobs=-1, random_state=42))])
2025-11-01 18:56:06,378:INFO:create_model() successfully completed......................................
2025-11-01 18:56:06,478:INFO:_master_model_container: 19
2025-11-01 18:56:06,478:INFO:_display_container: 2
2025-11-01 18:56:06,486:INFO:Pipeline(memory=Memory(location=None),
         steps=[('numerical_imputer',
                 TransformerWrapper(include=['crim', 'zn', 'indus', 'chas',
                                             'nox', 'rm', 'age', 'dis', 'rad',
                                             'tax', 'ptratio', 'b', 'lstat'],
                                    transformer=SimpleImputer())),
                ('categorical_imputer',
                 TransformerWrapper(include=[],
                                    transformer=SimpleImputer(strategy='most_frequent'))),
                ('remove_multicollinearity',
                 TransformerWrapper(exclude=[],
                                    transformer=RemoveMulticollinearity(threshold=0.95))),
                ('normalize', TransformerWrapper(transformer=StandardScaler())),
                ('actual_estimator',
                 ExtraTreesRegressor(n_jobs=-1, random_state=42))])
2025-11-01 18:56:06,486:INFO:finalize_model() successfully completed......................................
2025-11-01 18:56:06,599:INFO:Initializing save_model()
2025-11-01 18:56:06,599:INFO:save_model(model=Pipeline(memory=Memory(location=None),
         steps=[('numerical_imputer',
                 TransformerWrapper(include=['crim', 'zn', 'indus', 'chas',
                                             'nox', 'rm', 'age', 'dis', 'rad',
                                             'tax', 'ptratio', 'b', 'lstat'],
                                    transformer=SimpleImputer())),
                ('categorical_imputer',
                 TransformerWrapper(include=[],
                                    transformer=SimpleImputer(strategy='most_frequent'))),
                ('remove_multicollinearity',
                 TransformerWrapper(exclude=[],
                                    transformer=RemoveMulticollinearity(threshold=0.95))),
                ('normalize', TransformerWrapper(transformer=StandardScaler())),
                ('actual_estimator',
                 ExtraTreesRegressor(n_jobs=-1, random_state=42))]), model_name=boston_regression_model, prep_pipe_=Pipeline(memory=FastMemory(location=/var/folders/gx/m_vnsn8s7_94yb7xgwx5vj980000gn/T/joblib),
         steps=[('numerical_imputer',
                 TransformerWrapper(include=['crim', 'zn', 'indus', 'chas',
                                             'nox', 'rm', 'age', 'dis', 'rad',
                                             'tax', 'ptratio', 'b', 'lstat'],
                                    transformer=SimpleImputer())),
                ('categorical_imputer',
                 TransformerWrapper(include=[],
                                    transformer=SimpleImputer(strategy='most_frequent'))),
                ('remove_multicollinearity',
                 TransformerWrapper(exclude=[],
                                    transformer=RemoveMulticollinearity(threshold=0.95))),
                ('normalize',
                 TransformerWrapper(transformer=StandardScaler()))]), verbose=True, use_case=MLUsecase.REGRESSION, kwargs={})
2025-11-01 18:56:06,599:INFO:Adding model into prep_pipe
2025-11-01 18:56:06,599:WARNING:Only Model saved as it was a pipeline.
2025-11-01 18:56:06,641:INFO:boston_regression_model.pkl saved in current working directory
2025-11-01 18:56:06,648:INFO:Pipeline(memory=Memory(location=None),
         steps=[('numerical_imputer',
                 TransformerWrapper(include=['crim', 'zn', 'indus', 'chas',
                                             'nox', 'rm', 'age', 'dis', 'rad',
                                             'tax', 'ptratio', 'b', 'lstat'],
                                    transformer=SimpleImputer())),
                ('categorical_imputer',
                 TransformerWrapper(include=[],
                                    transformer=SimpleImputer(strategy='most_frequent'))),
                ('remove_multicollinearity',
                 TransformerWrapper(exclude=[],
                                    transformer=RemoveMulticollinearity(threshold=0.95))),
                ('normalize', TransformerWrapper(transformer=StandardScaler())),
                ('actual_estimator',
                 ExtraTreesRegressor(n_jobs=-1, random_state=42))])
2025-11-01 18:56:06,648:INFO:save_model() successfully completed......................................
